This file contains any messages produced by compilers while
running configure, to aid debugging if configure makes a mistake.

It was created by configure, which was
generated by GNU Autoconf 2.59.  Invocation command line was

  $ ./configure 

## --------- ##
## Platform. ##
## --------- ##

hostname = pkslave-emulator.local
uname -m = x86_64
uname -r = 2.6.18-371.8.1.el5
uname -s = Linux
uname -v = #1 SMP Thu Apr 24 18:19:36 EDT 2014

/usr/bin/uname -p = unknown
/bin/uname -X     = unknown

/bin/arch              = x86_64
/usr/bin/arch -k       = unknown
/usr/convex/getsysinfo = unknown
hostinfo               = unknown
/bin/machine           = unknown
/usr/bin/oslevel       = unknown
/bin/universe          = unknown

PATH: /usr/kerberos/sbin
PATH: /usr/kerberos/bin
PATH: /build/tools/ant/bin
PATH: /build/tools/gradle/bin
PATH: /build/tools/node/bin
PATH: /usr/local/sbin
PATH: /usr/local/bin
PATH: /sbin
PATH: /bin
PATH: /usr/sbin
PATH: /usr/bin
PATH: /home/mmargulis/sources/codebase/tools
PATH: /root/bin


## ----------- ##
## Core tests. ##
## ----------- ##

configure:1545: checking for a BSD-compatible install
configure:1600: result: /usr/bin/install -c
configure:1611: checking whether build environment is sane
configure:1654: result: yes
configure:1719: checking for gawk
configure:1735: found /bin/gawk
configure:1745: result: gawk
configure:1755: checking whether make sets $(MAKE)
configure:1775: result: yes
configure:2024: checking for g++
configure:2040: found /usr/bin/g++
configure:2050: result: g++
configure:2066: checking for C++ compiler version
configure:2069: g++ --version </dev/null >&5
g++ (GCC) 4.4.7 20120313 (Red Hat 4.4.7-1)
Copyright (C) 2010 Free Software Foundation, Inc.
This is free software; see the source for copying conditions.  There is NO
warranty; not even for MERCHANTABILITY or FITNESS FOR A PARTICULAR PURPOSE.

configure:2072: $? = 0
configure:2074: g++ -v </dev/null >&5
Using built-in specs.
Target: x86_64-redhat-linux6E
Configured with: ../configure --prefix=/usr --mandir=/usr/share/man --infodir=/usr/share/info --with-bugurl=http://bugzilla.redhat.com/bugzilla --enable-bootstrap --enable-shared --enable-threads=posix --enable-checking=release --with-system-zlib --enable-__cxa_atexit --disable-libunwind-exceptions --disable-gnu-unique-object --with-as=/usr/libexec/binutils220/as --enable-languages=c,c++,fortran --disable-libgcj --with-mpfr=/builddir/build/BUILD/gcc-4.4.7-20120601/obj-x86_64-redhat-linux6E/mpfr-install/ --with-ppl=/builddir/build/BUILD/gcc-4.4.7-20120601/obj-x86_64-redhat-linux6E/ppl-install --with-cloog=/builddir/build/BUILD/gcc-4.4.7-20120601/obj-x86_64-redhat-linux6E/cloog-install --with-tune=generic --with-arch_32=i586 --build=x86_64-redhat-linux6E
Thread model: posix
gcc version 4.4.7 20120313 (Red Hat 4.4.7-1) (GCC) 
configure:2077: $? = 0
configure:2079: g++ -V </dev/null >&5
g++: '-V' option must have argument
configure:2082: $? = 1
configure:2105: checking for C++ compiler default output file name
configure:2108: g++    conftest.cc  >&5
configure:2111: $? = 0
configure:2157: result: a.out
configure:2162: checking whether the C++ compiler works
configure:2168: ./a.out
configure:2171: $? = 0
configure:2188: result: yes
configure:2195: checking whether we are cross compiling
configure:2197: result: no
configure:2200: checking for suffix of executables
configure:2202: g++ -o conftest    conftest.cc  >&5
configure:2205: $? = 0
configure:2230: result: 
configure:2236: checking for suffix of object files
configure:2257: g++ -c   conftest.cc >&5
configure:2260: $? = 0
configure:2282: result: o
configure:2286: checking whether we are using the GNU C++ compiler
configure:2310: g++ -c   conftest.cc >&5
configure:2316: $? = 0
configure:2320: test -z 
			 || test ! -s conftest.err
configure:2323: $? = 0
configure:2326: test -s conftest.o
configure:2329: $? = 0
configure:2342: result: yes
configure:2348: checking whether g++ accepts -g
configure:2369: g++ -c -g  conftest.cc >&5
configure:2375: $? = 0
configure:2379: test -z 
			 || test ! -s conftest.err
configure:2382: $? = 0
configure:2385: test -s conftest.o
configure:2388: $? = 0
configure:2399: result: yes
configure:2441: g++ -c -g -O2  conftest.cc >&5
configure:2447: $? = 0
configure:2451: test -z 
			 || test ! -s conftest.err
configure:2454: $? = 0
configure:2457: test -s conftest.o
configure:2460: $? = 0
configure:2486: g++ -c -g -O2  conftest.cc >&5
conftest.cc: In function 'int main()':
conftest.cc:15: error: 'exit' was not declared in this scope
configure:2492: $? = 1
configure: failed program was:
| /* confdefs.h.  */
| 
| #define PACKAGE_NAME ""
| #define PACKAGE_TARNAME ""
| #define PACKAGE_VERSION ""
| #define PACKAGE_STRING ""
| #define PACKAGE_BUGREPORT ""
| #define PACKAGE "quickfix"
| #define VERSION "1.13.3"
| /* end confdefs.h.  */
| 
| int
| main ()
| {
| exit (42);
|   ;
|   return 0;
| }
configure:2441: g++ -c -g -O2  conftest.cc >&5
conftest.cc:11: error: 'void std::exit(int)' should have been declared inside 'std'
configure:2447: $? = 1
configure: failed program was:
| /* confdefs.h.  */
| 
| #define PACKAGE_NAME ""
| #define PACKAGE_TARNAME ""
| #define PACKAGE_VERSION ""
| #define PACKAGE_STRING ""
| #define PACKAGE_BUGREPORT ""
| #define PACKAGE "quickfix"
| #define VERSION "1.13.3"
| /* end confdefs.h.  */
| extern "C" void std::exit (int) throw (); using std::exit;
| #include <stdlib.h>
| int
| main ()
| {
| exit (42);
|   ;
|   return 0;
| }
configure:2441: g++ -c -g -O2  conftest.cc >&5
conftest.cc:11: error: 'void std::exit(int)' should have been declared inside 'std'
In file included from conftest.cc:12:
/usr/include/stdlib.h:646: error: declaration of 'void std::exit(int) throw ()' throws different exceptions
conftest.cc:11: error: from previous declaration 'void std::exit(int)'
configure:2447: $? = 1
configure: failed program was:
| /* confdefs.h.  */
| 
| #define PACKAGE_NAME ""
| #define PACKAGE_TARNAME ""
| #define PACKAGE_VERSION ""
| #define PACKAGE_STRING ""
| #define PACKAGE_BUGREPORT ""
| #define PACKAGE "quickfix"
| #define VERSION "1.13.3"
| /* end confdefs.h.  */
| extern "C" void std::exit (int); using std::exit;
| #include <stdlib.h>
| int
| main ()
| {
| exit (42);
|   ;
|   return 0;
| }
configure:2441: g++ -c -g -O2  conftest.cc >&5
configure:2447: $? = 0
configure:2451: test -z 
			 || test ! -s conftest.err
configure:2454: $? = 0
configure:2457: test -s conftest.o
configure:2460: $? = 0
configure:2486: g++ -c -g -O2  conftest.cc >&5
configure:2492: $? = 0
configure:2496: test -z 
			 || test ! -s conftest.err
configure:2499: $? = 0
configure:2502: test -s conftest.o
configure:2505: $? = 0
configure:2539: checking for style of include used by make
configure:2567: result: GNU
configure:2595: checking dependency style of g++
configure:2685: result: gcc3
configure:2748: checking for gcc
configure:2764: found /usr/bin/gcc
configure:2774: result: gcc
configure:3018: checking for C compiler version
configure:3021: gcc --version </dev/null >&5
gcc (GCC) 4.4.7 20120313 (Red Hat 4.4.7-1)
Copyright (C) 2010 Free Software Foundation, Inc.
This is free software; see the source for copying conditions.  There is NO
warranty; not even for MERCHANTABILITY or FITNESS FOR A PARTICULAR PURPOSE.

configure:3024: $? = 0
configure:3026: gcc -v </dev/null >&5
Using built-in specs.
Target: x86_64-redhat-linux6E
Configured with: ../configure --prefix=/usr --mandir=/usr/share/man --infodir=/usr/share/info --with-bugurl=http://bugzilla.redhat.com/bugzilla --enable-bootstrap --enable-shared --enable-threads=posix --enable-checking=release --with-system-zlib --enable-__cxa_atexit --disable-libunwind-exceptions --disable-gnu-unique-object --with-as=/usr/libexec/binutils220/as --enable-languages=c,c++,fortran --disable-libgcj --with-mpfr=/builddir/build/BUILD/gcc-4.4.7-20120601/obj-x86_64-redhat-linux6E/mpfr-install/ --with-ppl=/builddir/build/BUILD/gcc-4.4.7-20120601/obj-x86_64-redhat-linux6E/ppl-install --with-cloog=/builddir/build/BUILD/gcc-4.4.7-20120601/obj-x86_64-redhat-linux6E/cloog-install --with-tune=generic --with-arch_32=i586 --build=x86_64-redhat-linux6E
Thread model: posix
gcc version 4.4.7 20120313 (Red Hat 4.4.7-1) (GCC) 
configure:3029: $? = 0
configure:3031: gcc -V </dev/null >&5
gcc: '-V' option must have argument
configure:3034: $? = 1
configure:3037: checking whether we are using the GNU C compiler
configure:3061: gcc -c   conftest.c >&5
configure:3067: $? = 0
configure:3071: test -z 
			 || test ! -s conftest.err
configure:3074: $? = 0
configure:3077: test -s conftest.o
configure:3080: $? = 0
configure:3093: result: yes
configure:3099: checking whether gcc accepts -g
configure:3120: gcc -c -g  conftest.c >&5
configure:3126: $? = 0
configure:3130: test -z 
			 || test ! -s conftest.err
configure:3133: $? = 0
configure:3136: test -s conftest.o
configure:3139: $? = 0
configure:3150: result: yes
configure:3167: checking for gcc option to accept ANSI C
configure:3237: gcc  -c -g -O2  conftest.c >&5
configure:3243: $? = 0
configure:3247: test -z 
			 || test ! -s conftest.err
configure:3250: $? = 0
configure:3253: test -s conftest.o
configure:3256: $? = 0
configure:3274: result: none needed
configure:3292: gcc -c -g -O2  conftest.c >&5
conftest.c:2: error: expected '=', ',', ';', 'asm' or '__attribute__' before 'me'
configure:3298: $? = 1
configure: failed program was:
| #ifndef __cplusplus
|   choke me
| #endif
configure:3433: checking dependency style of gcc
configure:3523: result: gcc3
configure:3622: checking build system type
configure:3640: result: x86_64-redhat-linux-gnu
configure:3648: checking host system type
configure:3662: result: x86_64-redhat-linux-gnu
configure:3670: checking for a sed that does not truncate output
configure:3726: result: /bin/sed
configure:3729: checking for egrep
configure:3739: result: grep -E
configure:3755: checking for ld used by gcc
configure:3822: result: /usr/bin/ld
configure:3831: checking if the linker (/usr/bin/ld) is GNU ld
configure:3846: result: yes
configure:3851: checking for /usr/bin/ld option to reload object files
configure:3858: result: -r
configure:3876: checking for BSD-compatible nm
configure:3925: result: /usr/bin/nm -B
configure:3929: checking whether ln -s works
configure:3933: result: yes
configure:3940: checking how to recognise dependent libraries
configure:4116: result: pass_all
configure:4204: gcc -c -g -O2  conftest.c >&5
configure:4207: $? = 0
configure:4595: checking how to run the C preprocessor
configure:4630: gcc -E  conftest.c
configure:4636: $? = 0
configure:4668: gcc -E  conftest.c
conftest.c:14:28: error: ac_nonexistent.h: No such file or directory
configure:4674: $? = 1
configure: failed program was:
| /* confdefs.h.  */
| 
| #define PACKAGE_NAME ""
| #define PACKAGE_TARNAME ""
| #define PACKAGE_VERSION ""
| #define PACKAGE_STRING ""
| #define PACKAGE_BUGREPORT ""
| #define PACKAGE "quickfix"
| #define VERSION "1.13.3"
| #ifdef __cplusplus
| extern "C" void exit (int) throw ();
| #endif
| /* end confdefs.h.  */
| #include <ac_nonexistent.h>
configure:4713: result: gcc -E
configure:4737: gcc -E  conftest.c
configure:4743: $? = 0
configure:4775: gcc -E  conftest.c
conftest.c:14:28: error: ac_nonexistent.h: No such file or directory
configure:4781: $? = 1
configure: failed program was:
| /* confdefs.h.  */
| 
| #define PACKAGE_NAME ""
| #define PACKAGE_TARNAME ""
| #define PACKAGE_VERSION ""
| #define PACKAGE_STRING ""
| #define PACKAGE_BUGREPORT ""
| #define PACKAGE "quickfix"
| #define VERSION "1.13.3"
| #ifdef __cplusplus
| extern "C" void exit (int) throw ();
| #endif
| /* end confdefs.h.  */
| #include <ac_nonexistent.h>
configure:4825: checking for ANSI C header files
configure:4850: gcc -c -g -O2  conftest.c >&5
configure:4856: $? = 0
configure:4860: test -z 
			 || test ! -s conftest.err
configure:4863: $? = 0
configure:4866: test -s conftest.o
configure:4869: $? = 0
configure:4958: gcc -o conftest -g -O2   conftest.c  >&5
conftest.c: In function 'main':
conftest.c:31: warning: incompatible implicit declaration of built-in function 'exit'
configure:4961: $? = 0
configure:4963: ./conftest
configure:4966: $? = 0
configure:4981: result: yes
configure:5005: checking for sys/types.h
configure:5021: gcc -c -g -O2  conftest.c >&5
configure:5027: $? = 0
configure:5031: test -z 
			 || test ! -s conftest.err
configure:5034: $? = 0
configure:5037: test -s conftest.o
configure:5040: $? = 0
configure:5051: result: yes
configure:5005: checking for sys/stat.h
configure:5021: gcc -c -g -O2  conftest.c >&5
configure:5027: $? = 0
configure:5031: test -z 
			 || test ! -s conftest.err
configure:5034: $? = 0
configure:5037: test -s conftest.o
configure:5040: $? = 0
configure:5051: result: yes
configure:5005: checking for stdlib.h
configure:5021: gcc -c -g -O2  conftest.c >&5
configure:5027: $? = 0
configure:5031: test -z 
			 || test ! -s conftest.err
configure:5034: $? = 0
configure:5037: test -s conftest.o
configure:5040: $? = 0
configure:5051: result: yes
configure:5005: checking for string.h
configure:5021: gcc -c -g -O2  conftest.c >&5
configure:5027: $? = 0
configure:5031: test -z 
			 || test ! -s conftest.err
configure:5034: $? = 0
configure:5037: test -s conftest.o
configure:5040: $? = 0
configure:5051: result: yes
configure:5005: checking for memory.h
configure:5021: gcc -c -g -O2  conftest.c >&5
configure:5027: $? = 0
configure:5031: test -z 
			 || test ! -s conftest.err
configure:5034: $? = 0
configure:5037: test -s conftest.o
configure:5040: $? = 0
configure:5051: result: yes
configure:5005: checking for strings.h
configure:5021: gcc -c -g -O2  conftest.c >&5
configure:5027: $? = 0
configure:5031: test -z 
			 || test ! -s conftest.err
configure:5034: $? = 0
configure:5037: test -s conftest.o
configure:5040: $? = 0
configure:5051: result: yes
configure:5005: checking for inttypes.h
configure:5021: gcc -c -g -O2  conftest.c >&5
configure:5027: $? = 0
configure:5031: test -z 
			 || test ! -s conftest.err
configure:5034: $? = 0
configure:5037: test -s conftest.o
configure:5040: $? = 0
configure:5051: result: yes
configure:5005: checking for stdint.h
configure:5021: gcc -c -g -O2  conftest.c >&5
configure:5027: $? = 0
configure:5031: test -z 
			 || test ! -s conftest.err
configure:5034: $? = 0
configure:5037: test -s conftest.o
configure:5040: $? = 0
configure:5051: result: yes
configure:5005: checking for unistd.h
configure:5021: gcc -c -g -O2  conftest.c >&5
configure:5027: $? = 0
configure:5031: test -z 
			 || test ! -s conftest.err
configure:5034: $? = 0
configure:5037: test -s conftest.o
configure:5040: $? = 0
configure:5051: result: yes
configure:5077: checking dlfcn.h usability
configure:5089: gcc -c -g -O2  conftest.c >&5
configure:5095: $? = 0
configure:5099: test -z 
			 || test ! -s conftest.err
configure:5102: $? = 0
configure:5105: test -s conftest.o
configure:5108: $? = 0
configure:5118: result: yes
configure:5122: checking dlfcn.h presence
configure:5132: gcc -E  conftest.c
configure:5138: $? = 0
configure:5158: result: yes
configure:5193: checking for dlfcn.h
configure:5200: result: yes
configure:5223: checking how to run the C++ preprocessor
configure:5254: g++ -E  conftest.cc
configure:5260: $? = 0
configure:5292: g++ -E  conftest.cc
conftest.cc:25:28: error: ac_nonexistent.h: No such file or directory
configure:5298: $? = 1
configure: failed program was:
| /* confdefs.h.  */
| 
| #define PACKAGE_NAME ""
| #define PACKAGE_TARNAME ""
| #define PACKAGE_VERSION ""
| #define PACKAGE_STRING ""
| #define PACKAGE_BUGREPORT ""
| #define PACKAGE "quickfix"
| #define VERSION "1.13.3"
| #ifdef __cplusplus
| extern "C" void exit (int) throw ();
| #endif
| #define STDC_HEADERS 1
| #define HAVE_SYS_TYPES_H 1
| #define HAVE_SYS_STAT_H 1
| #define HAVE_STDLIB_H 1
| #define HAVE_STRING_H 1
| #define HAVE_MEMORY_H 1
| #define HAVE_STRINGS_H 1
| #define HAVE_INTTYPES_H 1
| #define HAVE_STDINT_H 1
| #define HAVE_UNISTD_H 1
| #define HAVE_DLFCN_H 1
| /* end confdefs.h.  */
| #include <ac_nonexistent.h>
configure:5337: result: g++ -E
configure:5361: g++ -E  conftest.cc
configure:5367: $? = 0
configure:5399: g++ -E  conftest.cc
conftest.cc:25:28: error: ac_nonexistent.h: No such file or directory
configure:5405: $? = 1
configure: failed program was:
| /* confdefs.h.  */
| 
| #define PACKAGE_NAME ""
| #define PACKAGE_TARNAME ""
| #define PACKAGE_VERSION ""
| #define PACKAGE_STRING ""
| #define PACKAGE_BUGREPORT ""
| #define PACKAGE "quickfix"
| #define VERSION "1.13.3"
| #ifdef __cplusplus
| extern "C" void exit (int) throw ();
| #endif
| #define STDC_HEADERS 1
| #define HAVE_SYS_TYPES_H 1
| #define HAVE_SYS_STAT_H 1
| #define HAVE_STDLIB_H 1
| #define HAVE_STRING_H 1
| #define HAVE_MEMORY_H 1
| #define HAVE_STRINGS_H 1
| #define HAVE_INTTYPES_H 1
| #define HAVE_STDINT_H 1
| #define HAVE_UNISTD_H 1
| #define HAVE_DLFCN_H 1
| /* end confdefs.h.  */
| #include <ac_nonexistent.h>
configure:5502: checking for g77
configure:5531: result: no
configure:5502: checking for f77
configure:5531: result: no
configure:5502: checking for xlf
configure:5531: result: no
configure:5502: checking for frt
configure:5531: result: no
configure:5502: checking for pgf77
configure:5531: result: no
configure:5502: checking for fort77
configure:5531: result: no
configure:5502: checking for fl32
configure:5531: result: no
configure:5502: checking for af77
configure:5531: result: no
configure:5502: checking for f90
configure:5531: result: no
configure:5502: checking for xlf90
configure:5531: result: no
configure:5502: checking for pgf90
configure:5531: result: no
configure:5502: checking for epcf90
configure:5531: result: no
configure:5502: checking for f95
configure:5518: found /usr/bin/f95
configure:5528: result: f95
configure:5543: checking for Fortran 77 compiler version
configure:5546: f95 --version </dev/null >&5
GNU Fortran (GCC) 4.1.2 20080704 (Red Hat 4.1.2-54)
Copyright (C) 2007 Free Software Foundation, Inc.

GNU Fortran comes with NO WARRANTY, to the extent permitted by law.
You may redistribute copies of GNU Fortran
under the terms of the GNU General Public License.
For more information about these matters, see the file named COPYING

configure:5549: $? = 0
configure:5551: f95 -v </dev/null >&5
Using built-in specs.
Target: x86_64-redhat-linux
Configured with: ../configure --prefix=/usr --mandir=/usr/share/man --infodir=/usr/share/info --enable-shared --enable-threads=posix --enable-checking=release --with-system-zlib --enable-__cxa_atexit --disable-libunwind-exceptions --enable-libgcj-multifile --enable-languages=c,c++,objc,obj-c++,java,fortran,ada --enable-java-awt=gtk --disable-dssi --disable-plugin --with-java-home=/usr/lib/jvm/java-1.4.2-gcj-1.4.2.0/jre --with-cpu=generic --host=x86_64-redhat-linux
Thread model: posix
gcc version 4.1.2 20080704 (Red Hat 4.1.2-54)
configure:5554: $? = 0
configure:5556: f95 -V </dev/null >&5
f95: '-V' option must have argument
configure:5559: $? = 1
configure:5567: checking whether we are using the GNU Fortran 77 compiler
configure:5581: f95 -c  conftest.F >&5
configure:5587: $? = 0
configure:5591: test -z 
			 || test ! -s conftest.err
configure:5594: $? = 0
configure:5597: test -s conftest.o
configure:5600: $? = 0
configure:5613: result: yes
configure:5619: checking whether f95 accepts -g
configure:5631: f95 -c -g conftest.f >&5
configure:5637: $? = 0
configure:5641: test -z 
			 || test ! -s conftest.err
configure:5644: $? = 0
configure:5647: test -s conftest.o
configure:5650: $? = 0
configure:5662: result: yes
configure:5692: checking the maximum length of command line arguments
configure:5801: result: 32768
configure:5812: checking command to parse /usr/bin/nm -B output from gcc object
configure:5917: gcc -c -g -O2  conftest.c >&5
configure:5920: $? = 0
configure:5924: /usr/bin/nm -B conftest.o \| sed -n -e 's/^.*[ 	]\([ABCDGIRSTW][ABCDGIRSTW]*\)[ 	][ 	]*\([_A-Za-z][_A-Za-z0-9]*\)$/\1 \2 \2/p' \> conftest.nm
configure:5927: $? = 0
configure:5979: gcc -o conftest -g -O2   conftest.c conftstm.o >&5
configure:5982: $? = 0
configure:6020: result: ok
configure:6024: checking for objdir
configure:6039: result: .libs
configure:6129: checking for ar
configure:6145: found /usr/bin/ar
configure:6156: result: ar
configure:6209: checking for ranlib
configure:6225: found /usr/bin/ranlib
configure:6236: result: ranlib
configure:6289: checking for strip
configure:6305: found /usr/bin/strip
configure:6316: result: strip
configure:6588: checking if gcc supports -fno-rtti -fno-exceptions
configure:6606: gcc -c -g -O2  -fno-rtti -fno-exceptions conftest.c >&5
cc1: warning: command line option "-fno-rtti" is valid for C++/ObjC++ but not for C
configure:6610: $? = 0
configure:6623: result: no
configure:6638: checking for gcc option to produce PIC
configure:6848: result: -fPIC
configure:6856: checking if gcc PIC flag -fPIC works
configure:6874: gcc -c -g -O2  -fPIC -DPIC conftest.c >&5
configure:6878: $? = 0
configure:6891: result: yes
configure:6919: checking if gcc static flag -static works
configure:6947: result: yes
configure:6957: checking if gcc supports -c -o file.o
configure:6978: gcc -c -g -O2  -o out/conftest2.o conftest.c >&5
configure:6982: $? = 0
configure:7004: result: yes
configure:7030: checking whether the gcc linker (/usr/bin/ld -m elf_x86_64) supports shared libraries
configure:7988: result: yes
configure:8009: checking whether -lc should be explicitly linked in
configure:8014: gcc -c -g -O2  conftest.c >&5
configure:8017: $? = 0
configure:8032: gcc -shared conftest.o  -v -Wl,-soname -Wl,conftest -o conftest 2\>\&1 \| grep  -lc  \>/dev/null 2\>\&1
configure:8035: $? = 0
configure:8047: result: no
configure:8055: checking dynamic linker characteristics
configure:8448: gcc -c -g -O2  conftest.c >&5
configure:8451: $? = 0
configure:8664: result: GNU/Linux ld.so
configure:8673: checking how to hardcode library paths into programs
configure:8698: result: immediate
configure:8712: checking whether stripping libraries is possible
configure:8717: result: yes
configure:9551: checking if libtool supports shared libraries
configure:9553: result: yes
configure:9556: checking whether to build shared libraries
configure:9577: result: yes
configure:9580: checking whether to build static libraries
configure:9584: result: no
configure:9676: creating libtool
configure:10267: checking for ld used by g++
configure:10334: result: /usr/bin/ld -m elf_x86_64
configure:10343: checking if the linker (/usr/bin/ld -m elf_x86_64) is GNU ld
configure:10358: result: yes
configure:10409: checking whether the g++ linker (/usr/bin/ld -m elf_x86_64) supports shared libraries
configure:11347: result: yes
configure:11365: g++ -c -g -O2  conftest.cpp >&5
configure:11368: $? = 0
configure:11487: checking for g++ option to produce PIC
configure:11761: result: -fPIC
configure:11769: checking if g++ PIC flag -fPIC works
configure:11787: g++ -c -g -O2  -fPIC -DPIC conftest.cpp >&5
configure:11791: $? = 0
configure:11804: result: yes
configure:11832: checking if g++ static flag -static works
configure:11860: result: yes
configure:11870: checking if g++ supports -c -o file.o
configure:11891: g++ -c -g -O2  -o out/conftest2.o conftest.cpp >&5
configure:11895: $? = 0
configure:11917: result: yes
configure:11943: checking whether the g++ linker (/usr/bin/ld -m elf_x86_64) supports shared libraries
configure:11968: result: yes
configure:12035: checking dynamic linker characteristics
configure:12428: g++ -c -g -O2  conftest.cpp >&5
configure:12431: $? = 0
configure:12644: result: GNU/Linux ld.so
configure:12653: checking how to hardcode library paths into programs
configure:12678: result: immediate
configure:13207: checking if libtool supports shared libraries
configure:13209: result: yes
configure:13212: checking whether to build shared libraries
configure:13232: result: yes
configure:13235: checking whether to build static libraries
configure:13239: result: no
configure:13249: checking for f95 option to produce PIC
configure:13459: result: -fPIC
configure:13467: checking if f95 PIC flag -fPIC works
configure:13485: f95 -c -g -O2 -fPIC conftest.f >&5
configure:13489: $? = 0
configure:13502: result: yes
configure:13530: checking if f95 static flag -static works
configure:13558: result: yes
configure:13568: checking if f95 supports -c -o file.o
configure:13589: f95 -c -g -O2 -o out/conftest2.o conftest.f >&5
configure:13593: $? = 0
configure:13615: result: yes
configure:13641: checking whether the f95 linker (/usr/bin/ld -m elf_x86_64) supports shared libraries
configure:14579: result: yes
configure:14646: checking dynamic linker characteristics
configure:15039: f95 -c -g -O2 conftest.f >&5
Warning: conftest.f:1: Illegal preprocessor directive
configure:15042: $? = 0
configure:15255: result: GNU/Linux ld.so
configure:15264: checking how to hardcode library paths into programs
configure:15289: result: immediate
configure:18886: checking for flex
configure:18902: found /usr/bin/flex
configure:18912: result: flex
configure:18925: checking for yywrap in -lfl
configure:18955: gcc -o conftest -g -O2   conftest.c -lfl   >&5
configure:18961: $? = 0
configure:18965: test -z 
			 || test ! -s conftest.err
configure:18968: $? = 0
configure:18971: test -s conftest
configure:18974: $? = 0
configure:18987: result: yes
configure:19065: checking lex output file root
configure:19076: flex conftest.l
configure:19079: $? = 0
configure:19091: result: lex.yy
configure:19096: checking whether yytext is a pointer
configure:19112: gcc -o conftest -g -O2   conftest.c  -lfl >&5
configure:19118: $? = 0
configure:19122: test -z 
			 || test ! -s conftest.err
configure:19125: $? = 0
configure:19128: test -s conftest
configure:19131: $? = 0
configure:19145: result: yes
configure:19521: checking for shutdown in -lc
configure:19551: gcc -o conftest -g -O2 -Wall -ansi -Wpointer-arith -Wwrite-strings           conftest.c -lc   -lxml2    >&5
configure:19557: $? = 0
configure:19561: test -z 
			 || test ! -s conftest.err
configure:19564: $? = 0
configure:19567: test -s conftest
configure:19570: $? = 0
configure:19583: result: yes
configure:19664: checking for inet_addr in -lc
configure:19694: gcc -o conftest -g -O2 -Wall -ansi -Wpointer-arith -Wwrite-strings           conftest.c -lc   -lxml2    >&5
configure:19700: $? = 0
configure:19704: test -z 
			 || test ! -s conftest.err
configure:19707: $? = 0
configure:19710: test -s conftest
configure:19713: $? = 0
configure:19726: result: yes
configure:19807: checking for nanosleep in -lc
configure:19837: gcc -o conftest -g -O2 -Wall -ansi -Wpointer-arith -Wwrite-strings           conftest.c -lc   -lxml2    >&5
configure:19843: $? = 0
configure:19847: test -z 
			 || test ! -s conftest.err
configure:19850: $? = 0
configure:19853: test -s conftest
configure:19856: $? = 0
configure:19869: result: yes
configure:19951: checking for ftime in -lcompat
configure:19981: gcc -o conftest -g -O2 -Wall -ansi -Wpointer-arith -Wwrite-strings           conftest.c -lcompat   -lxml2    >&5
/usr/bin/ld: cannot find -lcompat
collect2: ld returned 1 exit status
configure:19987: $? = 1
configure: failed program was:
| /* confdefs.h.  */
| 
| #define PACKAGE_NAME ""
| #define PACKAGE_TARNAME ""
| #define PACKAGE_VERSION ""
| #define PACKAGE_STRING ""
| #define PACKAGE_BUGREPORT ""
| #define PACKAGE "quickfix"
| #define VERSION "1.13.3"
| #ifdef __cplusplus
| extern "C" void exit (int) throw ();
| #endif
| #define STDC_HEADERS 1
| #define HAVE_SYS_TYPES_H 1
| #define HAVE_SYS_STAT_H 1
| #define HAVE_STDLIB_H 1
| #define HAVE_STRING_H 1
| #define HAVE_MEMORY_H 1
| #define HAVE_STRINGS_H 1
| #define HAVE_INTTYPES_H 1
| #define HAVE_STDINT_H 1
| #define HAVE_UNISTD_H 1
| #define HAVE_DLFCN_H 1
| #define YYTEXT_POINTER 1
| /* end confdefs.h.  */
| 
| /* Override any gcc2 internal prototype to avoid an error.  */
| #ifdef __cplusplus
| extern "C"
| #endif
| /* We use char because int might match the return type of a gcc2
|    builtin and then its argument prototype would still apply.  */
| char ftime ();
| int
| main ()
| {
| ftime ();
|   ;
|   return 0;
| }
configure:20013: result: no
configure:20025: checking which threading environment to use
configure:20035: result: -lpthread
configure:20038: checking for pthread_create in -lpthread
configure:20068: gcc -o conftest -g -O2 -Wall -ansi -Wpointer-arith -Wwrite-strings           conftest.c -lpthread   -lxml2    >&5
configure:20074: $? = 0
configure:20078: test -z 
			 || test ! -s conftest.err
configure:20081: $? = 0
configure:20084: test -s conftest
configure:20087: $? = 0
configure:20100: result: yes
configure:20286: checking stdio.h usability
configure:20298: gcc -c -g -O2 -Wall -ansi -Wpointer-arith -Wwrite-strings          conftest.c >&5
configure:20304: $? = 0
configure:20308: test -z 
			 || test ! -s conftest.err
configure:20311: $? = 0
configure:20314: test -s conftest.o
configure:20317: $? = 0
configure:20327: result: yes
configure:20331: checking stdio.h presence
configure:20341: gcc -E  conftest.c
configure:20347: $? = 0
configure:20367: result: yes
configure:20402: checking for stdio.h
configure:20409: result: yes
configure:20435: checking for STREAMS ioctl
configure:20455: g++ -c -g -O2 -Wall -ansi -Wpointer-arith -Wwrite-strings          conftest.cc >&5
conftest.cc:30:24: error: sys/conf.h: No such file or directory
configure:20461: $? = 1
configure: failed program was:
| /* confdefs.h.  */
| 
| #define PACKAGE_NAME ""
| #define PACKAGE_TARNAME ""
| #define PACKAGE_VERSION ""
| #define PACKAGE_STRING ""
| #define PACKAGE_BUGREPORT ""
| #define PACKAGE "quickfix"
| #define VERSION "1.13.3"
| #ifdef __cplusplus
| extern "C" void exit (int) throw ();
| #endif
| #define STDC_HEADERS 1
| #define HAVE_SYS_TYPES_H 1
| #define HAVE_SYS_STAT_H 1
| #define HAVE_STDLIB_H 1
| #define HAVE_STRING_H 1
| #define HAVE_MEMORY_H 1
| #define HAVE_STRINGS_H 1
| #define HAVE_INTTYPES_H 1
| #define HAVE_STDINT_H 1
| #define HAVE_UNISTD_H 1
| #define HAVE_DLFCN_H 1
| #define YYTEXT_POINTER 1
| #define HAVE_LIBPTHREAD 1
| #define HAVE_STDIO_H 1
| /* end confdefs.h.  */
| #include <sys/types.h>
| 	 #include <stropts.h>
| 	 #include <sys/conf.h>
| int
| main ()
| {
| ioctl(1,I_NREAD);
|   ;
|   return 0;
| }
configure:20487: result: no
configure:20492: checking for socklen_t
configure:20512: g++ -c -g -O2 -Wall -ansi -Wpointer-arith -Wwrite-strings          conftest.cc >&5
conftest.cc: In function 'int main()':
conftest.cc:34: warning: unused variable 't'
configure:20518: $? = 0
configure:20522: test -z 
			 || test ! -s conftest.err
configure:20525: $? = 0
configure:20528: test -s conftest.o
configure:20531: $? = 0
configure:20533: result: yes
configure:20549: checking for ftime
configure:20568: g++ -c -g -O2 -Wall -ansi -Wpointer-arith -Wwrite-strings          conftest.cc >&5
configure:20574: $? = 0
configure:20578: test -z 
			 || test ! -s conftest.err
configure:20581: $? = 0
configure:20584: test -s conftest.o
configure:20587: $? = 0
configure:20599: result: yes
configure:20620: checking for set_terminate in the global namespace
configure:20639: g++ -c -g -O2 -Wall -ansi -Wpointer-arith -Wwrite-strings          conftest.cc >&5
conftest.cc: In function 'int main()':
conftest.cc:34: error: 'set_terminate' was not declared in this scope
configure:20645: $? = 1
configure: failed program was:
| /* confdefs.h.  */
| 
| #define PACKAGE_NAME ""
| #define PACKAGE_TARNAME ""
| #define PACKAGE_VERSION ""
| #define PACKAGE_STRING ""
| #define PACKAGE_BUGREPORT ""
| #define PACKAGE "quickfix"
| #define VERSION "1.13.3"
| #ifdef __cplusplus
| extern "C" void exit (int) throw ();
| #endif
| #define STDC_HEADERS 1
| #define HAVE_SYS_TYPES_H 1
| #define HAVE_SYS_STAT_H 1
| #define HAVE_STDLIB_H 1
| #define HAVE_STRING_H 1
| #define HAVE_MEMORY_H 1
| #define HAVE_STRINGS_H 1
| #define HAVE_INTTYPES_H 1
| #define HAVE_STDINT_H 1
| #define HAVE_UNISTD_H 1
| #define HAVE_DLFCN_H 1
| #define YYTEXT_POINTER 1
| #define HAVE_LIBPTHREAD 1
| #define HAVE_STDIO_H 1
| #define HAVE_FTIME 1
| /* end confdefs.h.  */
| #include <exception>
| 	 void term() {}
| int
| main ()
| {
| set_terminate(term);
|   ;
|   return 0;
| }
configure:20672: result: no
configure:20674: checking for set_terminate in the std namespace
configure:20693: g++ -c -g -O2 -Wall -ansi -Wpointer-arith -Wwrite-strings          conftest.cc >&5
configure:20699: $? = 0
configure:20703: test -z 
			 || test ! -s conftest.err
configure:20706: $? = 0
configure:20709: test -s conftest.o
configure:20712: $? = 0
configure:20714: result: yes
configure:20734: checking for typeinfo in the global namespace
configure:20752: g++ -c -g -O2 -Wall -ansi -Wpointer-arith -Wwrite-strings          conftest.cc >&5
conftest.cc: In function 'int main()':
conftest.cc:34: error: expected initializer before '&' token
configure:20758: $? = 1
configure: failed program was:
| /* confdefs.h.  */
| 
| #define PACKAGE_NAME ""
| #define PACKAGE_TARNAME ""
| #define PACKAGE_VERSION ""
| #define PACKAGE_STRING ""
| #define PACKAGE_BUGREPORT ""
| #define PACKAGE "quickfix"
| #define VERSION "1.13.3"
| #ifdef __cplusplus
| extern "C" void exit (int) throw ();
| #endif
| #define STDC_HEADERS 1
| #define HAVE_SYS_TYPES_H 1
| #define HAVE_SYS_STAT_H 1
| #define HAVE_STDLIB_H 1
| #define HAVE_STRING_H 1
| #define HAVE_MEMORY_H 1
| #define HAVE_STRINGS_H 1
| #define HAVE_INTTYPES_H 1
| #define HAVE_STDINT_H 1
| #define HAVE_UNISTD_H 1
| #define HAVE_DLFCN_H 1
| #define YYTEXT_POINTER 1
| #define HAVE_LIBPTHREAD 1
| #define HAVE_STDIO_H 1
| #define HAVE_FTIME 1
| #define TERMINATE_IN_STD 1
| /* end confdefs.h.  */
| #include <typeinfo>
| int
| main ()
| {
| const typeinfo& ty = typeid(typeinfo);
|   ;
|   return 0;
| }
configure:20785: result: no
configure:20787: checking for typeinfo in the std namespace
configure:20805: g++ -c -g -O2 -Wall -ansi -Wpointer-arith -Wwrite-strings          conftest.cc >&5
conftest.cc: In function 'int main()':
conftest.cc:34: warning: unused variable 'ty'
configure:20811: $? = 0
configure:20815: test -z 
			 || test ! -s conftest.err
configure:20818: $? = 0
configure:20821: test -s conftest.o
configure:20824: $? = 0
configure:20826: result: yes
configure:20847: checking for gethostbyname_r with input result
configure:20871: g++ -c -g -O2 -Wall -ansi -Wpointer-arith -Wwrite-strings          conftest.cc >&5
configure:20877: $? = 0
configure:20881: test -z 
			 || test ! -s conftest.err
configure:20884: $? = 0
configure:20887: test -s conftest.o
configure:20890: $? = 0
configure:20892: result: yes
configure:20909: checking for boost::pool_allocator
configure:20928: g++ -c -g -O2 -Wall -ansi -Wpointer-arith -Wwrite-strings          conftest.cc >&5
conftest.cc:32:37: error: boost/pool/pool_alloc.hpp: No such file or directory
conftest.cc: In function 'int main()':
conftest.cc:37: error: 'boost' was not declared in this scope
conftest.cc:37: error: template argument 2 is invalid
conftest.cc:37: error: invalid type in declaration before ';' token
conftest.cc:37: warning: unused variable 'x'
configure:20934: $? = 1
configure: failed program was:
| /* confdefs.h.  */
| 
| #define PACKAGE_NAME ""
| #define PACKAGE_TARNAME ""
| #define PACKAGE_VERSION ""
| #define PACKAGE_STRING ""
| #define PACKAGE_BUGREPORT ""
| #define PACKAGE "quickfix"
| #define VERSION "1.13.3"
| #ifdef __cplusplus
| extern "C" void exit (int) throw ();
| #endif
| #define STDC_HEADERS 1
| #define HAVE_SYS_TYPES_H 1
| #define HAVE_SYS_STAT_H 1
| #define HAVE_STDLIB_H 1
| #define HAVE_STRING_H 1
| #define HAVE_MEMORY_H 1
| #define HAVE_STRINGS_H 1
| #define HAVE_INTTYPES_H 1
| #define HAVE_STDINT_H 1
| #define HAVE_UNISTD_H 1
| #define HAVE_DLFCN_H 1
| #define YYTEXT_POINTER 1
| #define HAVE_LIBPTHREAD 1
| #define HAVE_STDIO_H 1
| #define HAVE_FTIME 1
| #define TERMINATE_IN_STD 1
| #define TYPEINFO_IN_STD 1
| #define GETHOSTBYNAME_R_INPUTS_RESULT 1
| /* end confdefs.h.  */
| #include <boost/pool/pool_alloc.hpp>
| 	 #include<vector>
| int
| main ()
| {
| std::vector<int, boost::pool_allocator<int> > x;
|   ;
|   return 0;
| }
configure:20960: result: no
configure:20966: checking for boost::fast_pool_allocator
configure:20985: g++ -c -g -O2 -Wall -ansi -Wpointer-arith -Wwrite-strings          conftest.cc >&5
conftest.cc:32:37: error: boost/pool/pool_alloc.hpp: No such file or directory
conftest.cc: In function 'int main()':
conftest.cc:37: error: 'boost' was not declared in this scope
conftest.cc:37: error: template argument 2 is invalid
conftest.cc:37: error: invalid type in declaration before ';' token
conftest.cc:37: warning: unused variable 'x'
configure:20991: $? = 1
configure: failed program was:
| /* confdefs.h.  */
| 
| #define PACKAGE_NAME ""
| #define PACKAGE_TARNAME ""
| #define PACKAGE_VERSION ""
| #define PACKAGE_STRING ""
| #define PACKAGE_BUGREPORT ""
| #define PACKAGE "quickfix"
| #define VERSION "1.13.3"
| #ifdef __cplusplus
| extern "C" void exit (int) throw ();
| #endif
| #define STDC_HEADERS 1
| #define HAVE_SYS_TYPES_H 1
| #define HAVE_SYS_STAT_H 1
| #define HAVE_STDLIB_H 1
| #define HAVE_STRING_H 1
| #define HAVE_MEMORY_H 1
| #define HAVE_STRINGS_H 1
| #define HAVE_INTTYPES_H 1
| #define HAVE_STDINT_H 1
| #define HAVE_UNISTD_H 1
| #define HAVE_DLFCN_H 1
| #define YYTEXT_POINTER 1
| #define HAVE_LIBPTHREAD 1
| #define HAVE_STDIO_H 1
| #define HAVE_FTIME 1
| #define TERMINATE_IN_STD 1
| #define TYPEINFO_IN_STD 1
| #define GETHOSTBYNAME_R_INPUTS_RESULT 1
| /* end confdefs.h.  */
| #include <boost/pool/pool_alloc.hpp>
| 	 #include<vector>
| int
| main ()
| {
| std::vector<int, boost::fast_pool_allocator<int> > x;
|   ;
|   return 0;
| }
configure:21017: result: no
configure:21023: checking __gnu_cxx::__pool_alloc
configure:21042: g++ -c -g -O2 -Wall -ansi -Wpointer-arith -Wwrite-strings          conftest.cc >&5
configure:21048: $? = 0
configure:21052: test -z 
			 || test ! -s conftest.err
configure:21055: $? = 0
configure:21058: test -s conftest.o
configure:21061: $? = 0
configure:21063: result: yes
configure:21080: checking __gnu_cxx::__mt_alloc
configure:21099: g++ -c -g -O2 -Wall -ansi -Wpointer-arith -Wwrite-strings          conftest.cc >&5
configure:21105: $? = 0
configure:21109: test -z 
			 || test ! -s conftest.err
configure:21112: $? = 0
configure:21115: test -s conftest.o
configure:21118: $? = 0
configure:21120: result: yes
configure:21137: checking __gnu_cxx::bitmap_allocator
configure:21156: g++ -c -g -O2 -Wall -ansi -Wpointer-arith -Wwrite-strings          conftest.cc >&5
configure:21162: $? = 0
configure:21166: test -z 
			 || test ! -s conftest.err
configure:21169: $? = 0
configure:21172: test -s conftest.o
configure:21175: $? = 0
configure:21177: result: yes
configure:21207: checking for cplus_demangle in -liberty
configure:21237: gcc -o conftest -g -O2 -Wall -ansi -Wpointer-arith -Wwrite-strings           conftest.c -liberty  -lpthread  -lxml2    >&5
/usr/bin/ld: cannot find -liberty
collect2: ld returned 1 exit status
configure:21243: $? = 1
configure: failed program was:
| /* confdefs.h.  */
| 
| #define PACKAGE_NAME ""
| #define PACKAGE_TARNAME ""
| #define PACKAGE_VERSION ""
| #define PACKAGE_STRING ""
| #define PACKAGE_BUGREPORT ""
| #define PACKAGE "quickfix"
| #define VERSION "1.13.3"
| #ifdef __cplusplus
| extern "C" void exit (int) throw ();
| #endif
| #define STDC_HEADERS 1
| #define HAVE_SYS_TYPES_H 1
| #define HAVE_SYS_STAT_H 1
| #define HAVE_STDLIB_H 1
| #define HAVE_STRING_H 1
| #define HAVE_MEMORY_H 1
| #define HAVE_STRINGS_H 1
| #define HAVE_INTTYPES_H 1
| #define HAVE_STDINT_H 1
| #define HAVE_UNISTD_H 1
| #define HAVE_DLFCN_H 1
| #define YYTEXT_POINTER 1
| #define HAVE_LIBPTHREAD 1
| #define HAVE_STDIO_H 1
| #define HAVE_FTIME 1
| #define TERMINATE_IN_STD 1
| #define TYPEINFO_IN_STD 1
| #define GETHOSTBYNAME_R_INPUTS_RESULT 1
| #define HAVE_POOL_ALLOCATOR 1
| #define HAVE_MT_ALLOCATOR 1
| #define HAVE_BITMAP_ALLOCATOR 1
| #define _REENTRANT 1
| /* end confdefs.h.  */
| 
| /* Override any gcc2 internal prototype to avoid an error.  */
| #ifdef __cplusplus
| extern "C"
| #endif
| /* We use char because int might match the return type of a gcc2
|    builtin and then its argument prototype would still apply.  */
| char cplus_demangle ();
| int
| main ()
| {
| cplus_demangle ();
|   ;
|   return 0;
| }
configure:21269: result: no
configure:21282: checking if select modifies timeval parameter
configure:21309: gcc -o conftest -g -O2 -Wall -ansi -Wpointer-arith -Wwrite-strings           conftest.c -lpthread  -lxml2    >&5
configure:21312: $? = 0
configure:21314: ./conftest
configure:21317: $? = 0
configure:21319: result: yes
configure:21483: creating ./config.status

## ---------------------- ##
## Running config.status. ##
## ---------------------- ##

This file was extended by config.status, which was
generated by GNU Autoconf 2.59.  Invocation command line was

  CONFIG_FILES    = 
  CONFIG_HEADERS  = 
  CONFIG_LINKS    = 
  CONFIG_COMMANDS = 
  $ ./config.status 

on pkslave-emulator.local

config.status:781: creating quickfix.pc
config.status:781: creating Makefile
config.status:781: creating src/Makefile
config.status:781: creating src/C++/Makefile
config.status:781: creating src/C++/test/Makefile
config.status:781: creating src/python/Makefile
config.status:781: creating src/ruby/Makefile
config.status:781: creating bin/Makefile
config.status:781: creating bin/cfg/Makefile
config.status:781: creating spec/Makefile
config.status:781: creating test/Makefile
config.status:781: creating test/atrun/Makefile
config.status:781: creating test/cfg/Makefile
config.status:781: creating test/definitions/Makefile
config.status:781: creating test/definitions/server/Makefile
config.status:781: creating test/definitions/server/future/Makefile
config.status:781: creating examples/Makefile
config.status:781: creating examples/executor/Makefile
config.status:781: creating examples/executor/C++/Makefile
config.status:781: creating examples/ordermatch/Makefile
config.status:781: creating examples/ordermatch/test/Makefile
config.status:781: creating examples/tradeclient/Makefile
config.status:781: creating examples/tradeclientgui/Makefile
config.status:781: creating examples/tradeclientgui/banzai/Makefile
config.status:781: creating examples/tradeclientgui/banzai/test/Makefile
config.status:781: creating examples/tradeclientgui/banzai/src/Makefile
config.status:781: creating examples/tradeclientgui/banzai/src/quickfix/Makefile
config.status:781: creating examples/tradeclientgui/banzai/src/quickfix/banzai/Makefile
config.status:781: creating examples/tradeclientgui/banzai/src/quickfix/banzai/ui/Makefile
config.status:781: creating doc/Makefile
config.status:781: creating doc/html/Makefile
config.status:885: creating config.h
config.status:1017: config.h is unchanged
config.status:1197: executing depfiles commands

## ---------------- ##
## Cache variables. ##
## ---------------- ##

ac_cv_build=x86_64-redhat-linux-gnu
ac_cv_build_alias=x86_64-redhat-linux-gnu
ac_cv_c_compiler_gnu=yes
ac_cv_cxx_compiler_gnu=yes
ac_cv_env_CC_set=
ac_cv_env_CC_value=
ac_cv_env_CFLAGS_set=
ac_cv_env_CFLAGS_value=
ac_cv_env_CPPFLAGS_set=
ac_cv_env_CPPFLAGS_value=
ac_cv_env_CPP_set=
ac_cv_env_CPP_value=
ac_cv_env_CXXCPP_set=
ac_cv_env_CXXCPP_value=
ac_cv_env_CXXFLAGS_set=
ac_cv_env_CXXFLAGS_value=
ac_cv_env_CXX_set=
ac_cv_env_CXX_value=
ac_cv_env_F77_set=
ac_cv_env_F77_value=
ac_cv_env_FFLAGS_set=
ac_cv_env_FFLAGS_value=
ac_cv_env_LDFLAGS_set=
ac_cv_env_LDFLAGS_value=
ac_cv_env_build_alias_set=
ac_cv_env_build_alias_value=
ac_cv_env_host_alias_set=
ac_cv_env_host_alias_value=
ac_cv_env_target_alias_set=
ac_cv_env_target_alias_value=
ac_cv_exeext=
ac_cv_f77_compiler_gnu=yes
ac_cv_header_dlfcn_h=yes
ac_cv_header_inttypes_h=yes
ac_cv_header_memory_h=yes
ac_cv_header_stdc=yes
ac_cv_header_stdint_h=yes
ac_cv_header_stdio_h=yes
ac_cv_header_stdlib_h=yes
ac_cv_header_string_h=yes
ac_cv_header_strings_h=yes
ac_cv_header_sys_stat_h=yes
ac_cv_header_sys_types_h=yes
ac_cv_header_unistd_h=yes
ac_cv_host=x86_64-redhat-linux-gnu
ac_cv_host_alias=x86_64-redhat-linux-gnu
ac_cv_lib_c_inet_addr=yes
ac_cv_lib_c_nanosleep=yes
ac_cv_lib_c_shutdown=yes
ac_cv_lib_compat_ftime=no
ac_cv_lib_fl_yywrap=yes
ac_cv_lib_iberty_cplus_demangle=no
ac_cv_lib_pthread_pthread_create=yes
ac_cv_objext=o
ac_cv_path_install='/usr/bin/install -c'
ac_cv_prog_AWK=gawk
ac_cv_prog_CPP='gcc -E'
ac_cv_prog_CXXCPP='g++ -E'
ac_cv_prog_LEX=flex
ac_cv_prog_ac_ct_AR=ar
ac_cv_prog_ac_ct_CC=gcc
ac_cv_prog_ac_ct_CXX=g++
ac_cv_prog_ac_ct_F77=f95
ac_cv_prog_ac_ct_RANLIB=ranlib
ac_cv_prog_ac_ct_STRIP=strip
ac_cv_prog_cc_g=yes
ac_cv_prog_cc_stdc=
ac_cv_prog_cxx_g=yes
ac_cv_prog_egrep='grep -E'
ac_cv_prog_f77_g=yes
ac_cv_prog_lex_root=lex.yy
ac_cv_prog_lex_yytext_pointer=yes
ac_cv_prog_make_make_set=yes
am_cv_CC_dependencies_compiler_type=gcc3
am_cv_CXX_dependencies_compiler_type=gcc3
lt_cv_deplibs_check_method=pass_all
lt_cv_file_magic_cmd='$MAGIC_CMD'
lt_cv_file_magic_test_file=
lt_cv_ld_reload_flag=-r
lt_cv_objdir=.libs
lt_cv_path_LD=/usr/bin/ld
lt_cv_path_LDCXX='/usr/bin/ld -m elf_x86_64'
lt_cv_path_NM='/usr/bin/nm -B'
lt_cv_path_SED=/bin/sed
lt_cv_prog_compiler_c_o=yes
lt_cv_prog_compiler_c_o_CXX=yes
lt_cv_prog_compiler_c_o_F77=yes
lt_cv_prog_compiler_rtti_exceptions=no
lt_cv_prog_gnu_ld=yes
lt_cv_prog_gnu_ldcxx=yes
lt_cv_sys_global_symbol_pipe='sed -n -e '\''s/^.*[ 	]\([ABCDGIRSTW][ABCDGIRSTW]*\)[ 	][ 	]*\([_A-Za-z][_A-Za-z0-9]*\)$/\1 \2 \2/p'\'''
lt_cv_sys_global_symbol_to_c_name_address='sed -n -e '\''s/^: \([^ ]*\) $/  {\"\1\", (lt_ptr) 0},/p'\'' -e '\''s/^[BCDEGRST] \([^ ]*\) \([^ ]*\)$/  {"\2", (lt_ptr) \&\2},/p'\'''
lt_cv_sys_global_symbol_to_cdecl='sed -n -e '\''s/^. .* \(.*\)$/extern int \1;/p'\'''
lt_cv_sys_max_cmd_len=32768
lt_lt_cv_prog_compiler_c_o='"yes"'
lt_lt_cv_prog_compiler_c_o_CXX='"yes"'
lt_lt_cv_prog_compiler_c_o_F77='"yes"'
lt_lt_cv_sys_global_symbol_pipe='"sed -n -e '\''s/^.*[ 	]\\([ABCDGIRSTW][ABCDGIRSTW]*\\)[ 	][ 	]*\\([_A-Za-z][_A-Za-z0-9]*\\)\$/\\1 \\2 \\2/p'\''"'
lt_lt_cv_sys_global_symbol_to_c_name_address='"sed -n -e '\''s/^: \\([^ ]*\\) \$/  {\\\"\\1\\\", (lt_ptr) 0},/p'\'' -e '\''s/^[BCDEGRST] \\([^ ]*\\) \\([^ ]*\\)\$/  {\"\\2\", (lt_ptr) \\&\\2},/p'\''"'
lt_lt_cv_sys_global_symbol_to_cdecl='"sed -n -e '\''s/^. .* \\(.*\\)\$/extern int \\1;/p'\''"'

## ----------------- ##
## Output variables. ##
## ----------------- ##

ACLOCAL='${SHELL} /root/stat290/FIX/src/quickfix/config/missing --run aclocal-1.9'
AMDEPBACKSLASH='\'
AMDEP_FALSE='#'
AMDEP_TRUE=''
AMTAR='${SHELL} /root/stat290/FIX/src/quickfix/config/missing --run tar'
AR='ar'
AS='as'
AUTOCONF='${SHELL} /root/stat290/FIX/src/quickfix/config/missing --run autoconf'
AUTOHEADER='${SHELL} /root/stat290/FIX/src/quickfix/config/missing --run autoheader'
AUTOMAKE='${SHELL} /root/stat290/FIX/src/quickfix/config/missing --run automake-1.9'
AWK='gawk'
BOOST_CFLAGS=''
BOOST_PREFIX=''
CC='gcc'
CCDEPMODE='depmode=gcc3'
CFLAGS='-g -O2 -Wall -ansi -Wpointer-arith -Wwrite-strings        '
CPP='gcc -E'
CPPFLAGS=''
CXX='g++'
CXXCPP='g++ -E'
CXXDEPMODE='depmode=gcc3'
CXXFLAGS='-g -O2 -Wall -ansi -Wpointer-arith -Wwrite-strings        '
CYGPATH_W='echo'
DEFS='-DHAVE_CONFIG_H'
DEPDIR='.deps'
DLLTOOL='dlltool'
ECHO='echo'
ECHO_C=''
ECHO_N='-n'
ECHO_T=''
EGREP='grep -E'
EXEEXT=''
F77='f95'
FFLAGS='-g -O2'
HAVE_FTIME_FALSE='#'
HAVE_FTIME_TRUE=''
HAVE_JAVA_FALSE=''
HAVE_JAVA_TRUE='#'
HAVE_PYTHON_FALSE=''
HAVE_PYTHON_TRUE='#'
HAVE_RUBY_FALSE=''
HAVE_RUBY_TRUE='#'
INSTALL_DATA='${INSTALL} -m 644'
INSTALL_PROGRAM='${INSTALL}'
INSTALL_SCRIPT='${INSTALL}'
INSTALL_STRIP_PROGRAM='${SHELL} $(install_sh) -c -s'
JAVA_CFLAGS=''
LDFLAGS=''
LEX='flex'
LEXLIB='-lfl'
LEX_OUTPUT_ROOT='lex.yy'
LIBOBJS=''
LIBS='-lpthread  -lxml2   '
LIBTOOL='$(SHELL) $(top_builddir)/libtool'
LN_S='ln -s'
LTLIBOBJS=''
MAKEINFO='${SHELL} /root/stat290/FIX/src/quickfix/config/missing --run makeinfo'
MYSQL_CFLAGS=''
MYSQL_LIBS=''
MYSQL_PREFIX=''
OBJDUMP='objdump'
OBJEXT='o'
PACKAGE='quickfix'
PACKAGE_BUGREPORT=''
PACKAGE_NAME=''
PACKAGE_STRING=''
PACKAGE_TARNAME=''
PACKAGE_VERSION=''
PATH_SEPARATOR=':'
POSTGRESQL_CFLAGS=''
POSTGRESQL_LIBS=''
POSTGRESQL_PREFIX=''
PYTHON_CFLAGS=''
PYTHON_PREFIX=''
PYTHON_SITE_PACKAGES=''
RANLIB='ranlib'
RUBY_CFLAGS=''
RUBY_PREFIX='/usr/lib64/ruby/1.8'
RUBY_SITE_PACKAGES=''
SED='/bin/sed'
SET_MAKE=''
SHELL='/bin/sh'
STLPORT_CFLAGS=''
STLPORT_LIBS=''
STLPORT_PREFIX=''
STRIP='strip'
VERSION='1.13.3'
ac_ct_AR='ar'
ac_ct_AS=''
ac_ct_CC='gcc'
ac_ct_CXX='g++'
ac_ct_DLLTOOL=''
ac_ct_F77='f95'
ac_ct_OBJDUMP=''
ac_ct_RANLIB='ranlib'
ac_ct_STRIP='strip'
am__fastdepCC_FALSE='#'
am__fastdepCC_TRUE=''
am__fastdepCXX_FALSE='#'
am__fastdepCXX_TRUE=''
am__include='include'
am__leading_dot='.'
am__quote=''
am__tar='${AMTAR} chof - "$$tardir"'
am__untar='${AMTAR} xf -'
bindir='${exec_prefix}/bin'
build='x86_64-redhat-linux-gnu'
build_alias=''
build_cpu='x86_64'
build_os='linux-gnu'
build_vendor='redhat'
datadir='${prefix}/share'
exec_prefix='${prefix}'
host='x86_64-redhat-linux-gnu'
host_alias=''
host_cpu='x86_64'
host_os='linux-gnu'
host_vendor='redhat'
includedir='${prefix}/include'
infodir='${prefix}/info'
install_sh='/root/stat290/FIX/src/quickfix/config/install-sh'
jarlib=''
libdir='${exec_prefix}/lib'
libexecdir='${exec_prefix}/libexec'
localstatedir='${prefix}/var'
mandir='${prefix}/man'
mkdir_p='mkdir -p --'
oldincludedir='/usr/include'
prefix='/usr/local'
program_transform_name='s,x,x,'
sbindir='${exec_prefix}/sbin'
sharedstatedir='${prefix}/com'
sysconfdir='${prefix}/etc'
target_alias=''

## ----------- ##
## confdefs.h. ##
## ----------- ##

#define GETHOSTBYNAME_R_INPUTS_RESULT 1
#define HAVE_BITMAP_ALLOCATOR 1
#define HAVE_DLFCN_H 1
#define HAVE_FTIME 1
#define HAVE_INTTYPES_H 1
#define HAVE_LIBPTHREAD 1
#define HAVE_MEMORY_H 1
#define HAVE_MT_ALLOCATOR 1
#define HAVE_POOL_ALLOCATOR 1
#define HAVE_STDINT_H 1
#define HAVE_STDIO_H 1
#define HAVE_STDLIB_H 1
#define HAVE_STRINGS_H 1
#define HAVE_STRING_H 1
#define HAVE_SYS_STAT_H 1
#define HAVE_SYS_TYPES_H 1
#define HAVE_UNISTD_H 1
#define PACKAGE "quickfix"
#define PACKAGE_BUGREPORT ""
#define PACKAGE_NAME ""
#define PACKAGE_STRING ""
#define PACKAGE_TARNAME ""
#define PACKAGE_VERSION ""
#define SELECT_MODIFIES_TIMEVAL 1
#define STDC_HEADERS 1
#define TERMINATE_IN_STD 1
#define TYPEINFO_IN_STD 1
#define VERSION "1.13.3"
#define YYTEXT_POINTER 1
#define _REENTRANT 1
#endif
#ifdef __cplusplus
extern "C" void exit (int) throw ();

configure: exit 0

## ---------------------- ##
## Running config.status. ##
## ---------------------- ##

This file was extended by config.status, which was
generated by GNU Autoconf 2.59.  Invocation command line was

  CONFIG_FILES    = 
  CONFIG_HEADERS  = 
  CONFIG_LINKS    = 
  CONFIG_COMMANDS = 
  $ ./config.status config.h

on pkslave-emulator.local

config.status:885: creating config.h
config.status:1017: config.h is unchanged
